[0m18:36:54.521133 [debug] [MainThread]: Sending event: {'category': 'dbt', 'action': 'invocation', 'label': 'start', 'context': [<snowplow_tracker.self_describing_json.SelfDescribingJson object at 0x10af2cc10>, <snowplow_tracker.self_describing_json.SelfDescribingJson object at 0x10af42bd0>, <snowplow_tracker.self_describing_json.SelfDescribingJson object at 0x10af43350>]}


============================== 18:36:54.523417 | 142ce35a-d65b-4105-8f08-597e1aa9035d ==============================
[0m18:36:54.523417 [info ] [MainThread]: Running with dbt=1.7.10
[0m18:36:54.523739 [debug] [MainThread]: running dbt with arguments {'printer_width': '80', 'indirect_selection': 'eager', 'log_cache_events': 'False', 'write_json': 'True', 'partial_parse': 'True', 'cache_selected_only': 'False', 'warn_error': 'None', 'fail_fast': 'False', 'debug': 'False', 'log_path': 'logs', 'version_check': 'True', 'profiles_dir': '/Users/zakaria/.dbt', 'use_colors': 'True', 'use_experimental_parser': 'False', 'no_print': 'None', 'quiet': 'False', 'warn_error_options': 'WarnErrorOptions(include=[], exclude=[])', 'static_parser': 'True', 'log_format': 'default', 'invocation_command': 'dbt init', 'target_path': 'None', 'introspect': 'True', 'send_anonymous_usage_stats': 'True'}
[0m18:36:54.524145 [warn ] [MainThread]: [ConfigFolderDirectory]: Unable to parse dict {'dir': PosixPath('/Users/zakaria/.dbt')}
[0m18:36:54.524353 [info ] [MainThread]: Creating dbt configuration folder at 
[0m18:37:03.379344 [debug] [MainThread]: Starter project path: /Users/zakaria/Documents/dbt_bazel_build/env/lib/python3.11/site-packages/dbt/include/starter_project
[0m18:37:03.386850 [info ] [MainThread]: 
Your new dbt project "pipelines" was created!

For more information on how to configure the profiles.yml file,
please consult the dbt documentation here:

  https://docs.getdbt.com/docs/configure-your-profile

One more thing:

Need help? Don't hesitate to reach out to us via GitHub issues or on Slack:

  https://community.getdbt.com/

Happy modeling!

[0m18:37:03.387524 [info ] [MainThread]: Setting up your profile.
[0m18:40:43.339672 [info ] [MainThread]: Profile pipelines written to /Users/zakaria/.dbt/profiles.yml using target's profile_template.yml and your supplied values. Run 'dbt debug' to validate the connection.
[0m18:40:43.374464 [debug] [MainThread]: Resource report: {"command_name": "init", "command_success": true, "command_wall_clock_time": 228.8671, "process_user_time": 0.814314, "process_kernel_time": 0.097003, "process_mem_max_rss": "102612992", "process_in_blocks": "0", "process_out_blocks": "0"}
[0m18:40:43.374933 [debug] [MainThread]: Command `dbt init` succeeded at 18:40:43.374856 after 228.87 seconds
[0m18:40:43.375140 [debug] [MainThread]: Sending event: {'category': 'dbt', 'action': 'invocation', 'label': 'end', 'context': [<snowplow_tracker.self_describing_json.SelfDescribingJson object at 0x10af51150>, <snowplow_tracker.self_describing_json.SelfDescribingJson object at 0x105038750>, <snowplow_tracker.self_describing_json.SelfDescribingJson object at 0x10a9c21d0>]}
[0m18:40:43.375350 [debug] [MainThread]: Flushing usage events
[0m18:41:06.525758 [debug] [MainThread]: Sending event: {'category': 'dbt', 'action': 'invocation', 'label': 'start', 'context': [<snowplow_tracker.self_describing_json.SelfDescribingJson object at 0x105133e50>, <snowplow_tracker.self_describing_json.SelfDescribingJson object at 0x105176c10>, <snowplow_tracker.self_describing_json.SelfDescribingJson object at 0x10518bb10>]}


============================== 18:41:06.527832 | 63ad1923-d2ed-4bfe-97f1-a4b08ad974be ==============================
[0m18:41:06.527832 [info ] [MainThread]: Running with dbt=1.7.10
[0m18:41:06.528160 [debug] [MainThread]: running dbt with arguments {'printer_width': '80', 'indirect_selection': 'eager', 'log_cache_events': 'False', 'write_json': 'True', 'partial_parse': 'True', 'cache_selected_only': 'False', 'profiles_dir': '/Users/zakaria/.dbt', 'debug': 'False', 'warn_error': 'None', 'log_path': 'logs', 'fail_fast': 'False', 'version_check': 'True', 'use_colors': 'True', 'use_experimental_parser': 'False', 'no_print': 'None', 'quiet': 'False', 'log_format': 'default', 'introspect': 'True', 'invocation_command': 'dbt debug', 'warn_error_options': 'WarnErrorOptions(include=[], exclude=[])', 'target_path': 'None', 'static_parser': 'True', 'send_anonymous_usage_stats': 'True'}
[0m18:41:06.528539 [info ] [MainThread]: dbt version: 1.7.10
[0m18:41:06.528716 [info ] [MainThread]: python version: 3.11.6
[0m18:41:06.528891 [info ] [MainThread]: python path: /Users/zakaria/Documents/dbt_bazel_build/env/bin/python
[0m18:41:06.529046 [info ] [MainThread]: os info: macOS-14.3.1-arm64-arm-64bit
[0m18:41:06.568444 [info ] [MainThread]: Using profiles dir at /Users/zakaria/.dbt
[0m18:41:06.568744 [info ] [MainThread]: Using profiles.yml file at /Users/zakaria/.dbt/profiles.yml
[0m18:41:06.568908 [info ] [MainThread]: Using dbt_project.yml file at /Users/zakaria/Documents/dbt_bazel_build/dbt_project.yml
[0m18:41:06.569223 [info ] [MainThread]: adapter type: postgres
[0m18:41:06.569427 [info ] [MainThread]: adapter version: 1.7.10
[0m18:41:06.569596 [info ] [MainThread]: Configuration:
[0m18:41:06.569746 [info ] [MainThread]:   profiles.yml file [[32mOK found and valid[0m]
[0m18:41:06.569886 [info ] [MainThread]:   dbt_project.yml file [[31mERROR not found[0m]
[0m18:41:06.570026 [info ] [MainThread]: Required dependencies:
[0m18:41:06.570207 [debug] [MainThread]: Executing "git --help"
[0m18:41:06.582305 [debug] [MainThread]: STDOUT: "b"usage: git [-v | --version] [-h | --help] [-C <path>] [-c <name>=<value>]\n           [--exec-path[=<path>]] [--html-path] [--man-path] [--info-path]\n           [-p | --paginate | -P | --no-pager] [--no-replace-objects] [--bare]\n           [--git-dir=<path>] [--work-tree=<path>] [--namespace=<name>]\n           [--super-prefix=<path>] [--config-env=<name>=<envvar>]\n           <command> [<args>]\n\nThese are common Git commands used in various situations:\n\nstart a working area (see also: git help tutorial)\n   clone     Clone a repository into a new directory\n   init      Create an empty Git repository or reinitialize an existing one\n\nwork on the current change (see also: git help everyday)\n   add       Add file contents to the index\n   mv        Move or rename a file, a directory, or a symlink\n   restore   Restore working tree files\n   rm        Remove files from the working tree and from the index\n\nexamine the history and state (see also: git help revisions)\n   bisect    Use binary search to find the commit that introduced a bug\n   diff      Show changes between commits, commit and working tree, etc\n   grep      Print lines matching a pattern\n   log       Show commit logs\n   show      Show various types of objects\n   status    Show the working tree status\n\ngrow, mark and tweak your common history\n   branch    List, create, or delete branches\n   commit    Record changes to the repository\n   merge     Join two or more development histories together\n   rebase    Reapply commits on top of another base tip\n   reset     Reset current HEAD to the specified state\n   switch    Switch branches\n   tag       Create, list, delete or verify a tag object signed with GPG\n\ncollaborate (see also: git help workflows)\n   fetch     Download objects and refs from another repository\n   pull      Fetch from and integrate with another repository or a local branch\n   push      Update remote refs along with associated objects\n\n'git help -a' and 'git help -g' list available subcommands and some\nconcept guides. See 'git help <command>' or 'git help <concept>'\nto read about a specific subcommand or concept.\nSee 'git help git' for an overview of the system.\n""
[0m18:41:06.582864 [debug] [MainThread]: STDERR: "b''"
[0m18:41:06.583084 [info ] [MainThread]:  - git [[32mOK found[0m]

[0m18:41:06.583334 [info ] [MainThread]: Connection:
[0m18:41:06.583562 [info ] [MainThread]:   host: postgresql
[0m18:41:06.583706 [info ] [MainThread]:   port: 5432
[0m18:41:06.583844 [info ] [MainThread]:   user: admin
[0m18:41:06.583984 [info ] [MainThread]:   database: postgres_db
[0m18:41:06.584126 [info ] [MainThread]:   schema: dbt_schema
[0m18:41:06.584259 [info ] [MainThread]:   connect_timeout: 10
[0m18:41:06.584391 [info ] [MainThread]:   role: None
[0m18:41:06.584525 [info ] [MainThread]:   search_path: None
[0m18:41:06.584656 [info ] [MainThread]:   keepalives_idle: 0
[0m18:41:06.584798 [info ] [MainThread]:   sslmode: None
[0m18:41:06.584935 [info ] [MainThread]:   sslcert: None
[0m18:41:06.585081 [info ] [MainThread]:   sslkey: None
[0m18:41:06.585211 [info ] [MainThread]:   sslrootcert: None
[0m18:41:06.585348 [info ] [MainThread]:   application_name: dbt
[0m18:41:06.585482 [info ] [MainThread]:   retries: 1
[0m18:41:06.585743 [info ] [MainThread]: Registered adapter: postgres=1.7.10
[0m18:41:06.621871 [debug] [MainThread]: Acquiring new postgres connection 'debug'
[0m18:41:06.622526 [debug] [MainThread]: Using postgres connection "debug"
[0m18:41:06.622703 [debug] [MainThread]: On debug: select 1 as id
[0m18:41:06.622891 [debug] [MainThread]: Opening a new connection, currently in state init
[0m18:41:06.673339 [debug] [MainThread]: Postgres adapter: Got a retryable error when attempting to open a postgres connection.
1 attempts remaining. Retrying in 0 seconds.
Error:
could not translate host name "postgresql" to address: nodename nor servname provided, or not known

[0m18:41:06.676128 [debug] [MainThread]: Postgres adapter: Error running SQL: select 1 as id
[0m18:41:06.676307 [debug] [MainThread]: Postgres adapter: Rolling back transaction.
[0m18:41:06.676491 [debug] [MainThread]: On debug: No close available on handle
[0m18:41:06.676692 [info ] [MainThread]:   Connection test: [[31mERROR[0m]

[0m18:41:06.676885 [info ] [MainThread]: [31m2 checks failed:[0m
[0m18:41:06.677033 [info ] [MainThread]: Project loading failed for the following reason:
 project path </Users/zakaria/Documents/dbt_bazel_build/dbt_project.yml> not found

[0m18:41:06.677185 [info ] [MainThread]: dbt was unable to connect to the specified database.
The database returned the following error:

  >Database Error
  could not translate host name "postgresql" to address: nodename nor servname provided, or not known
  

Check your database credentials and try again. For more information, visit:
https://docs.getdbt.com/docs/configure-your-profile


[0m18:41:06.678163 [debug] [MainThread]: Resource report: {"command_name": "debug", "command_wall_clock_time": 0.17739154, "process_user_time": 0.825255, "process_kernel_time": 0.090314, "process_mem_max_rss": "104448000", "command_success": false, "process_in_blocks": "0", "process_out_blocks": "0"}
[0m18:41:06.678496 [debug] [MainThread]: Command `dbt debug` failed at 18:41:06.678427 after 0.18 seconds
[0m18:41:06.678698 [debug] [MainThread]: Connection 'debug' was properly closed.
[0m18:41:06.678909 [debug] [MainThread]: Sending event: {'category': 'dbt', 'action': 'invocation', 'label': 'end', 'context': [<snowplow_tracker.self_describing_json.SelfDescribingJson object at 0x10518ba10>, <snowplow_tracker.self_describing_json.SelfDescribingJson object at 0x1051751d0>, <snowplow_tracker.self_describing_json.SelfDescribingJson object at 0x1051c8110>]}
[0m18:41:06.679243 [debug] [MainThread]: Flushing usage events
